This file contains any messages produced by compilers while
running configure, to aid debugging if configure makes a mistake.

It was created by jellyfish configure 1.1.4, which was
generated by GNU Autoconf 2.63.  Invocation command line was

  $ ./configure --prefix=/gscmnt/sata201/assembly/kkyung/trinity/trinityrnaseq_r2012-05-18/trinity-plugins/jellyfish

## --------- ##
## Platform. ##
## --------- ##

hostname = linus86.gsc.wustl.edu
uname -m = x86_64
uname -r = 2.6.32-21-generic
uname -s = Linux
uname -v = #32-Ubuntu SMP Fri Apr 16 08:09:38 UTC 2010

/usr/bin/uname -p = unknown
/bin/uname -X     = unknown

/bin/arch              = unknown
/usr/bin/arch -k       = unknown
/usr/convex/getsysinfo = unknown
/usr/bin/hostinfo      = unknown
/bin/machine           = unknown
/usr/bin/oslevel       = unknown
/bin/universe          = unknown

PATH: /gscuser/kkyung/bin
PATH: /gsc/scripts/opt/genome/current/user/bin
PATH: /gsc/scripts/bin
PATH: /gsc/bin
PATH: /gsc/java/bin
PATH: /usr/local/bin
PATH: /usr/xpg4/bin
PATH: /usr/bin
PATH: /bin
PATH: /usr/sbin
PATH: /usr/ucb
PATH: /usr/X11R6/bin
PATH: /usr/openwin/bin
PATH: /usr/dt/bin
PATH: /usr/ccs/bin
PATH: /usr/local/lsf/8.0/linux2.6-glibc2.3-x86_64/etc
PATH: /usr/local/lsf/8.0/linux2.6-glibc2.3-x86_64/bin
PATH: /usr/bin
PATH: /bin
PATH: /home/trna/bin
PATH: /gsc/scripts/gsc/gsc
PATH: /gsc/scripts/gsc/finishing
PATH: /gsc/scripts/gsc/info
PATH: /gsc/scripts/gsc/medseq
PATH: /gsc/scripts/gsc/assembly
PATH: /gsc/pkg/oracle/10gR2/db_1/bin


## ----------- ##
## Core tests. ##
## ----------- ##

configure:2082: checking build system type
configure:2100: result: x86_64-unknown-linux-gnu
configure:2122: checking host system type
configure:2137: result: x86_64-unknown-linux-gnu
configure:2176: checking for a BSD-compatible install
configure:2244: result: /usr/bin/install -c
configure:2255: checking whether build environment is sane
configure:2315: result: yes
configure:2456: checking for a thread-safe mkdir -p
configure:2495: result: /bin/mkdir -p
configure:2508: checking for gawk
configure:2524: found /usr/bin/gawk
configure:2535: result: gawk
configure:2546: checking whether make sets $(MAKE)
configure:2568: result: yes
configure:2722: checking for g++
configure:2738: found /usr/bin/g++
configure:2749: result: g++
configure:2776: checking for C++ compiler version
configure:2784: g++ --version >&5
g++ (Ubuntu 4.4.3-4ubuntu5) 4.4.3
Copyright (C) 2009 Free Software Foundation, Inc.
This is free software; see the source for copying conditions.  There is NO
warranty; not even for MERCHANTABILITY or FITNESS FOR A PARTICULAR PURPOSE.

configure:2788: $? = 0
configure:2795: g++ -v >&5
Using built-in specs.
Target: x86_64-linux-gnu
Configured with: ../src/configure -v --with-pkgversion='Ubuntu 4.4.3-4ubuntu5' --with-bugurl=file:///usr/share/doc/gcc-4.4/README.Bugs --enable-languages=c,c++,fortran,objc,obj-c++ --prefix=/usr --enable-shared --enable-multiarch --enable-linker-build-id --with-system-zlib --libexecdir=/usr/lib --without-included-gettext --enable-threads=posix --with-gxx-include-dir=/usr/include/c++/4.4 --program-suffix=-4.4 --enable-nls --enable-clocale=gnu --enable-libstdcxx-debug --enable-plugin --enable-objc-gc --disable-werror --with-arch-32=i486 --with-tune=generic --enable-checking=release --build=x86_64-linux-gnu --host=x86_64-linux-gnu --target=x86_64-linux-gnu
Thread model: posix
gcc version 4.4.3 (Ubuntu 4.4.3-4ubuntu5) 
configure:2799: $? = 0
configure:2806: g++ -V >&5
g++: '-V' option must have argument
configure:2810: $? = 1
configure:2833: checking for C++ compiler default output file name
configure:2855: g++    conftest.cpp  >&5
configure:2859: $? = 0
configure:2897: result: a.out
configure:2916: checking whether the C++ compiler works
configure:2926: ./a.out
configure:2930: $? = 0
configure:2949: result: yes
configure:2956: checking whether we are cross compiling
configure:2958: result: no
configure:2961: checking for suffix of executables
configure:2968: g++ -o conftest    conftest.cpp  >&5
configure:2972: $? = 0
configure:2998: result: 
configure:3004: checking for suffix of object files
configure:3030: g++ -c   conftest.cpp >&5
configure:3034: $? = 0
configure:3059: result: o
configure:3063: checking whether we are using the GNU C++ compiler
configure:3092: g++ -c   conftest.cpp >&5
configure:3099: $? = 0
configure:3116: result: yes
configure:3125: checking whether g++ accepts -g
configure:3155: g++ -c -g  conftest.cpp >&5
configure:3162: $? = 0
configure:3263: result: yes
configure:3297: checking for style of include used by make
configure:3325: result: GNU
configure:3350: checking dependency style of g++
configure:3460: result: gcc3
configure:3488: checking for md5sum
configure:3504: found /usr/bin/md5sum
configure:3515: result: md5sum
configure:3655: checking for gcc
configure:3671: found /usr/bin/gcc
configure:3682: result: gcc
configure:3914: checking for C compiler version
configure:3922: gcc --version >&5
gcc (Ubuntu 4.4.3-4ubuntu5) 4.4.3
Copyright (C) 2009 Free Software Foundation, Inc.
This is free software; see the source for copying conditions.  There is NO
warranty; not even for MERCHANTABILITY or FITNESS FOR A PARTICULAR PURPOSE.

configure:3926: $? = 0
configure:3933: gcc -v >&5
Using built-in specs.
Target: x86_64-linux-gnu
Configured with: ../src/configure -v --with-pkgversion='Ubuntu 4.4.3-4ubuntu5' --with-bugurl=file:///usr/share/doc/gcc-4.4/README.Bugs --enable-languages=c,c++,fortran,objc,obj-c++ --prefix=/usr --enable-shared --enable-multiarch --enable-linker-build-id --with-system-zlib --libexecdir=/usr/lib --without-included-gettext --enable-threads=posix --with-gxx-include-dir=/usr/include/c++/4.4 --program-suffix=-4.4 --enable-nls --enable-clocale=gnu --enable-libstdcxx-debug --enable-plugin --enable-objc-gc --disable-werror --with-arch-32=i486 --with-tune=generic --enable-checking=release --build=x86_64-linux-gnu --host=x86_64-linux-gnu --target=x86_64-linux-gnu
Thread model: posix
gcc version 4.4.3 (Ubuntu 4.4.3-4ubuntu5) 
configure:3937: $? = 0
configure:3944: gcc -V >&5
gcc: '-V' option must have argument
configure:3948: $? = 1
configure:3951: checking whether we are using the GNU C compiler
configure:3980: gcc -c   conftest.c >&5
configure:3987: $? = 0
configure:4004: result: yes
configure:4013: checking whether gcc accepts -g
configure:4043: gcc -c -g  conftest.c >&5
configure:4050: $? = 0
configure:4151: result: yes
configure:4168: checking for gcc option to accept ISO C89
configure:4242: gcc  -c -g -O2  conftest.c >&5
configure:4249: $? = 0
configure:4272: result: none needed
configure:4292: checking dependency style of gcc
configure:4402: result: gcc3
configure:4423: checking how to run the C preprocessor
configure:4463: gcc -E  conftest.c
configure:4470: $? = 0
configure:4501: gcc -E  conftest.c
conftest.c:10:28: error: ac_nonexistent.h: No such file or directory
configure:4508: $? = 1
configure: failed program was:
| /* confdefs.h.  */
| #define PACKAGE_NAME "jellyfish"
| #define PACKAGE_TARNAME "jellyfish"
| #define PACKAGE_VERSION "1.1.4"
| #define PACKAGE_STRING "jellyfish 1.1.4"
| #define PACKAGE_BUGREPORT "gmarcais@umd.edu"
| #define PACKAGE "jellyfish"
| #define VERSION "1.1.4"
| /* end confdefs.h.  */
| #include <ac_nonexistent.h>
configure:4541: result: gcc -E
configure:4570: gcc -E  conftest.c
configure:4577: $? = 0
configure:4608: gcc -E  conftest.c
conftest.c:10:28: error: ac_nonexistent.h: No such file or directory
configure:4615: $? = 1
configure: failed program was:
| /* confdefs.h.  */
| #define PACKAGE_NAME "jellyfish"
| #define PACKAGE_TARNAME "jellyfish"
| #define PACKAGE_VERSION "1.1.4"
| #define PACKAGE_STRING "jellyfish 1.1.4"
| #define PACKAGE_BUGREPORT "gmarcais@umd.edu"
| #define PACKAGE "jellyfish"
| #define VERSION "1.1.4"
| /* end confdefs.h.  */
| #include <ac_nonexistent.h>
configure:4655: checking for grep that handles long lines and -e
configure:4715: result: /gsc/bin/grep
configure:4720: checking for egrep
configure:4784: result: /gsc/bin/grep -E
configure:4789: checking for ANSI C header files
configure:4819: gcc -c -g -O2  conftest.c >&5
configure:4826: $? = 0
configure:4925: gcc -o conftest -g -O2   conftest.c  >&5
configure:4929: $? = 0
configure:4935: ./conftest
configure:4939: $? = 0
configure:4957: result: yes
configure:4981: checking for sys/types.h
configure:5002: gcc -c -g -O2  conftest.c >&5
configure:5009: $? = 0
configure:5026: result: yes
configure:4981: checking for sys/stat.h
configure:5002: gcc -c -g -O2  conftest.c >&5
configure:5009: $? = 0
configure:5026: result: yes
configure:4981: checking for stdlib.h
configure:5002: gcc -c -g -O2  conftest.c >&5
configure:5009: $? = 0
configure:5026: result: yes
configure:4981: checking for string.h
configure:5002: gcc -c -g -O2  conftest.c >&5
configure:5009: $? = 0
configure:5026: result: yes
configure:4981: checking for memory.h
configure:5002: gcc -c -g -O2  conftest.c >&5
configure:5009: $? = 0
configure:5026: result: yes
configure:4981: checking for strings.h
configure:5002: gcc -c -g -O2  conftest.c >&5
configure:5009: $? = 0
configure:5026: result: yes
configure:4981: checking for inttypes.h
configure:5002: gcc -c -g -O2  conftest.c >&5
configure:5009: $? = 0
configure:5026: result: yes
configure:4981: checking for stdint.h
configure:5002: gcc -c -g -O2  conftest.c >&5
configure:5009: $? = 0
configure:5026: result: yes
configure:4981: checking for unistd.h
configure:5002: gcc -c -g -O2  conftest.c >&5
configure:5009: $? = 0
configure:5026: result: yes
configure:5040: checking whether strerror_r is declared
configure:5069: gcc -c -g -O2  conftest.c >&5
configure:5076: $? = 0
configure:5091: result: yes
configure:5113: checking for strerror_r
configure:5169: gcc -o conftest -g -O2   conftest.c  >&5
configure:5176: $? = 0
configure:5198: result: yes
configure:5210: checking whether strerror_r returns char *
configure:5244: gcc -c -g -O2  conftest.c >&5
conftest.c: In function 'main':
conftest.c:60: error: invalid type argument of 'unary *' (have 'int')
conftest.c:61: warning: initialization makes pointer from integer without a cast
configure:5251: $? = 1
configure: failed program was:
| /* confdefs.h.  */
| #define PACKAGE_NAME "jellyfish"
| #define PACKAGE_TARNAME "jellyfish"
| #define PACKAGE_VERSION "1.1.4"
| #define PACKAGE_STRING "jellyfish 1.1.4"
| #define PACKAGE_BUGREPORT "gmarcais@umd.edu"
| #define PACKAGE "jellyfish"
| #define VERSION "1.1.4"
| #define STDC_HEADERS 1
| #define HAVE_SYS_TYPES_H 1
| #define HAVE_SYS_STAT_H 1
| #define HAVE_STDLIB_H 1
| #define HAVE_STRING_H 1
| #define HAVE_MEMORY_H 1
| #define HAVE_STRINGS_H 1
| #define HAVE_INTTYPES_H 1
| #define HAVE_STDINT_H 1
| #define HAVE_UNISTD_H 1
| #define HAVE_DECL_STRERROR_R 1
| #define HAVE_STRERROR_R 1
| /* end confdefs.h.  */
| #include <stdio.h>
| #ifdef HAVE_SYS_TYPES_H
| # include <sys/types.h>
| #endif
| #ifdef HAVE_SYS_STAT_H
| # include <sys/stat.h>
| #endif
| #ifdef STDC_HEADERS
| # include <stdlib.h>
| # include <stddef.h>
| #else
| # ifdef HAVE_STDLIB_H
| #  include <stdlib.h>
| # endif
| #endif
| #ifdef HAVE_STRING_H
| # if !defined STDC_HEADERS && defined HAVE_MEMORY_H
| #  include <memory.h>
| # endif
| # include <string.h>
| #endif
| #ifdef HAVE_STRINGS_H
| # include <strings.h>
| #endif
| #ifdef HAVE_INTTYPES_H
| # include <inttypes.h>
| #endif
| #ifdef HAVE_STDINT_H
| # include <stdint.h>
| #endif
| #ifdef HAVE_UNISTD_H
| # include <unistd.h>
| #endif
| int
| main ()
| {
| 
| 	  char buf[100];
| 	  char x = *strerror_r (0, buf, sizeof buf);
| 	  char *p = strerror_r (0, buf, sizeof buf);
| 	  return !p || x;
| 
|   ;
|   return 0;
| }
configure:5330: result: no
configure:5357: checking execinfo.h usability
configure:5374: gcc -c -g -O2  conftest.c >&5
configure:5381: $? = 0
configure:5395: result: yes
configure:5399: checking execinfo.h presence
configure:5414: gcc -E  conftest.c
configure:5421: $? = 0
configure:5435: result: yes
configure:5468: checking for execinfo.h
configure:5477: result: yes
configure:5493: checking for siginfo_t.si_int
configure:5522: gcc -c -g -O2  conftest.c >&5
configure:5529: $? = 0
configure:5588: result: yes
configure:5624: checking for a sed that does not truncate output
configure:5690: result: /bin/sed
configure:5708: checking for fgrep
configure:5772: result: /gsc/bin/grep -F
configure:5807: checking for ld used by gcc
configure:5874: result: /usr/bin/ld
configure:5883: checking if the linker (/usr/bin/ld) is GNU ld
configure:5898: result: yes
configure:5910: checking for BSD- or MS-compatible name lister (nm)
configure:5959: result: /usr/bin/nm -B
configure:6077: checking the name lister (/usr/bin/nm -B) interface
configure:6084: gcc -c -g -O2  conftest.c >&5
configure:6087: /usr/bin/nm -B "conftest.o"
configure:6090: output
0000000000000000 B some_variable
configure:6097: result: BSD nm
configure:6100: checking whether ln -s works
configure:6104: result: yes
configure:6112: checking the maximum length of command line arguments
configure:6232: result: 3458764513820540925
configure:6249: checking whether the shell understands some XSI constructs
configure:6259: result: yes
configure:6263: checking whether the shell understands "+="
configure:6269: result: yes
configure:6304: checking for /usr/bin/ld option to reload object files
configure:6311: result: -r
configure:6380: checking for objdump
configure:6396: found /usr/bin/objdump
configure:6407: result: objdump
configure:6439: checking how to recognize dependent libraries
configure:6635: result: pass_all
configure:6695: checking for ar
configure:6711: found /usr/bin/ar
configure:6722: result: ar
configure:6800: checking for strip
configure:6816: found /usr/bin/strip
configure:6827: result: strip
configure:6899: checking for ranlib
configure:6915: found /usr/bin/ranlib
configure:6926: result: ranlib
configure:7016: checking command to parse /usr/bin/nm -B output from gcc object
configure:7134: gcc -c -g -O2  conftest.c >&5
configure:7137: $? = 0
configure:7141: /usr/bin/nm -B conftest.o \| sed -n -e 's/^.*[	 ]\([ABCDGIRSTW][ABCDGIRSTW]*\)[	 ][	 ]*\([_A-Za-z][_A-Za-z0-9]*\)$/\1 \2 \2/p' \> conftest.nm
configure:7144: $? = 0
configure:7198: gcc -o conftest -g -O2   conftest.c conftstm.o >&5
configure:7201: $? = 0
configure:7239: result: ok
configure:7334: gcc -c -g -O2  conftest.c >&5
configure:7337: $? = 0
configure:8104: checking for dlfcn.h
configure:8125: gcc -c -g -O2  conftest.c >&5
configure:8132: $? = 0
configure:8149: result: yes
configure:8276: checking for C++ compiler version
configure:8284: g++ --version >&5
g++ (Ubuntu 4.4.3-4ubuntu5) 4.4.3
Copyright (C) 2009 Free Software Foundation, Inc.
This is free software; see the source for copying conditions.  There is NO
warranty; not even for MERCHANTABILITY or FITNESS FOR A PARTICULAR PURPOSE.

configure:8288: $? = 0
configure:8295: g++ -v >&5
Using built-in specs.
Target: x86_64-linux-gnu
Configured with: ../src/configure -v --with-pkgversion='Ubuntu 4.4.3-4ubuntu5' --with-bugurl=file:///usr/share/doc/gcc-4.4/README.Bugs --enable-languages=c,c++,fortran,objc,obj-c++ --prefix=/usr --enable-shared --enable-multiarch --enable-linker-build-id --with-system-zlib --libexecdir=/usr/lib --without-included-gettext --enable-threads=posix --with-gxx-include-dir=/usr/include/c++/4.4 --program-suffix=-4.4 --enable-nls --enable-clocale=gnu --enable-libstdcxx-debug --enable-plugin --enable-objc-gc --disable-werror --with-arch-32=i486 --with-tune=generic --enable-checking=release --build=x86_64-linux-gnu --host=x86_64-linux-gnu --target=x86_64-linux-gnu
Thread model: posix
gcc version 4.4.3 (Ubuntu 4.4.3-4ubuntu5) 
configure:8299: $? = 0
configure:8306: g++ -V >&5
g++: '-V' option must have argument
configure:8310: $? = 1
configure:8313: checking whether we are using the GNU C++ compiler
configure:8366: result: yes
configure:8375: checking whether g++ accepts -g
configure:8513: result: yes
configure:8538: checking dependency style of g++
configure:8648: result: gcc3
configure:8671: checking how to run the C++ preprocessor
configure:8707: g++ -E  conftest.cpp
configure:8714: $? = 0
configure:8745: g++ -E  conftest.cpp
conftest.cpp:25:28: error: ac_nonexistent.h: No such file or directory
configure:8752: $? = 1
configure: failed program was:
| /* confdefs.h.  */
| #define PACKAGE_NAME "jellyfish"
| #define PACKAGE_TARNAME "jellyfish"
| #define PACKAGE_VERSION "1.1.4"
| #define PACKAGE_STRING "jellyfish 1.1.4"
| #define PACKAGE_BUGREPORT "gmarcais@umd.edu"
| #define PACKAGE "jellyfish"
| #define VERSION "1.1.4"
| #define STDC_HEADERS 1
| #define HAVE_SYS_TYPES_H 1
| #define HAVE_SYS_STAT_H 1
| #define HAVE_STDLIB_H 1
| #define HAVE_STRING_H 1
| #define HAVE_MEMORY_H 1
| #define HAVE_STRINGS_H 1
| #define HAVE_INTTYPES_H 1
| #define HAVE_STDINT_H 1
| #define HAVE_UNISTD_H 1
| #define HAVE_DECL_STRERROR_R 1
| #define HAVE_STRERROR_R 1
| #define HAVE_EXECINFO_H 1
| #define HAVE_SI_INT 1
| #define HAVE_DLFCN_H 1
| /* end confdefs.h.  */
| #include <ac_nonexistent.h>
configure:8785: result: g++ -E
configure:8814: g++ -E  conftest.cpp
configure:8821: $? = 0
configure:8852: g++ -E  conftest.cpp
conftest.cpp:25:28: error: ac_nonexistent.h: No such file or directory
configure:8859: $? = 1
configure: failed program was:
| /* confdefs.h.  */
| #define PACKAGE_NAME "jellyfish"
| #define PACKAGE_TARNAME "jellyfish"
| #define PACKAGE_VERSION "1.1.4"
| #define PACKAGE_STRING "jellyfish 1.1.4"
| #define PACKAGE_BUGREPORT "gmarcais@umd.edu"
| #define PACKAGE "jellyfish"
| #define VERSION "1.1.4"
| #define STDC_HEADERS 1
| #define HAVE_SYS_TYPES_H 1
| #define HAVE_SYS_STAT_H 1
| #define HAVE_STDLIB_H 1
| #define HAVE_STRING_H 1
| #define HAVE_MEMORY_H 1
| #define HAVE_STRINGS_H 1
| #define HAVE_INTTYPES_H 1
| #define HAVE_STDINT_H 1
| #define HAVE_UNISTD_H 1
| #define HAVE_DECL_STRERROR_R 1
| #define HAVE_STRERROR_R 1
| #define HAVE_EXECINFO_H 1
| #define HAVE_SI_INT 1
| #define HAVE_DLFCN_H 1
| /* end confdefs.h.  */
| #include <ac_nonexistent.h>
configure:9073: checking for objdir
configure:9088: result: .libs
configure:9384: checking if gcc supports -fno-rtti -fno-exceptions
configure:9402: gcc -c -g -O2  -fno-rtti -fno-exceptions conftest.c >&5
cc1: warning: command line option "-fno-rtti" is valid for C++/ObjC++ but not for C
configure:9406: $? = 0
configure:9419: result: no
configure:9439: checking for gcc option to produce PIC
configure:9711: result: -fPIC -DPIC
configure:9723: checking if gcc PIC flag -fPIC -DPIC works
configure:9741: gcc -c -g -O2  -fPIC -DPIC -DPIC conftest.c >&5
configure:9745: $? = 0
configure:9758: result: yes
configure:9782: checking if gcc static flag -static works
configure:9810: result: yes
configure:9825: checking if gcc supports -c -o file.o
configure:9846: gcc -c -g -O2  -o out/conftest2.o conftest.c >&5
configure:9850: $? = 0
configure:9872: result: yes
configure:9880: checking if gcc supports -c -o file.o
configure:9927: result: yes
configure:9960: checking whether the gcc linker (/usr/bin/ld -m elf_x86_64) supports shared libraries
configure:11034: result: yes
configure:11071: checking whether -lc should be explicitly linked in
configure:11076: gcc -c -g -O2  conftest.c >&5
configure:11079: $? = 0
configure:11094: gcc -shared conftest.o  -v -Wl,-soname -Wl,conftest -o conftest 2\>\&1 \| /gsc/bin/grep  -lc  \>/dev/null 2\>\&1
configure:11097: $? = 0
configure:11109: result: no
configure:11273: checking dynamic linker characteristics
configure:11716: gcc -o conftest -g -O2   -Wl,-rpath -Wl,/foo conftest.c  >&5
configure:11723: $? = 0
configure:11959: result: GNU/Linux ld.so
configure:12061: checking how to hardcode library paths into programs
configure:12086: result: immediate
configure:12919: checking whether stripping libraries is possible
configure:12924: result: yes
configure:12959: checking if libtool supports shared libraries
configure:12961: result: yes
configure:12964: checking whether to build shared libraries
configure:12985: result: yes
configure:12988: checking whether to build static libraries
configure:12992: result: yes
configure:13142: checking for ld used by g++
configure:13209: result: /usr/bin/ld -m elf_x86_64
configure:13218: checking if the linker (/usr/bin/ld -m elf_x86_64) is GNU ld
configure:13233: result: yes
configure:13288: checking whether the g++ linker (/usr/bin/ld -m elf_x86_64) supports shared libraries
configure:14263: result: yes
configure:14291: g++ -c   conftest.cpp >&5
configure:14294: $? = 0
configure:14476: checking for g++ option to produce PIC
configure:14793: result: -fPIC -DPIC
configure:14802: checking if g++ PIC flag -fPIC -DPIC works
configure:14820: g++ -c   -fPIC -DPIC -DPIC conftest.cpp >&5
configure:14824: $? = 0
configure:14837: result: yes
configure:14858: checking if g++ static flag -static works
configure:14886: result: yes
configure:14898: checking if g++ supports -c -o file.o
configure:14919: g++ -c   -o out/conftest2.o conftest.cpp >&5
configure:14923: $? = 0
configure:14945: result: yes
configure:14950: checking if g++ supports -c -o file.o
configure:14997: result: yes
configure:15027: checking whether the g++ linker (/usr/bin/ld -m elf_x86_64) supports shared libraries
configure:15053: result: yes
configure:15190: checking dynamic linker characteristics
configure:15581: g++ -o conftest    -Wl,-rpath -Wl,/foo conftest.cpp  >&5
configure:15588: $? = 0
configure:15824: result: GNU/Linux ld.so
configure:15875: checking how to hardcode library paths into programs
configure:15900: result: immediate
configure:16096: creating ./config.status

## ---------------------- ##
## Running config.status. ##
## ---------------------- ##

This file was extended by jellyfish config.status 1.1.4, which was
generated by GNU Autoconf 2.63.  Invocation command line was

  CONFIG_FILES    = 
  CONFIG_HEADERS  = 
  CONFIG_LINKS    = 
  CONFIG_COMMANDS = 
  $ ./config.status 

on linus86.gsc.wustl.edu

config.status:1054: creating Makefile
config.status:1054: creating tests/compat.sh
config.status:1054: creating jellyfish-1.1.pc
config.status:1054: creating config.h
config.status:1276: config.h is unchanged
config.status:1328: executing depfiles commands
config.status:1328: executing libtool commands

## ---------------- ##
## Cache variables. ##
## ---------------- ##

ac_cv_build=x86_64-unknown-linux-gnu
ac_cv_c_compiler_gnu=yes
ac_cv_cxx_compiler_gnu=yes
ac_cv_env_CCC_set=
ac_cv_env_CCC_value=
ac_cv_env_CC_set=
ac_cv_env_CC_value=
ac_cv_env_CFLAGS_set=
ac_cv_env_CFLAGS_value=
ac_cv_env_CPPFLAGS_set=
ac_cv_env_CPPFLAGS_value=
ac_cv_env_CPP_set=
ac_cv_env_CPP_value=
ac_cv_env_CXXCPP_set=
ac_cv_env_CXXCPP_value=
ac_cv_env_CXXFLAGS_set=
ac_cv_env_CXXFLAGS_value=
ac_cv_env_CXX_set=
ac_cv_env_CXX_value=
ac_cv_env_LDFLAGS_set=
ac_cv_env_LDFLAGS_value=
ac_cv_env_LIBS_set=
ac_cv_env_LIBS_value=
ac_cv_env_MD5_set=
ac_cv_env_MD5_value=
ac_cv_env_build_alias_set=
ac_cv_env_build_alias_value=
ac_cv_env_host_alias_set=
ac_cv_env_host_alias_value=
ac_cv_env_target_alias_set=
ac_cv_env_target_alias_value=
ac_cv_func_strerror_r=yes
ac_cv_func_strerror_r_char_p=no
ac_cv_have_decl_strerror_r=yes
ac_cv_header_dlfcn_h=yes
ac_cv_header_execinfo_h=yes
ac_cv_header_inttypes_h=yes
ac_cv_header_memory_h=yes
ac_cv_header_stdc=yes
ac_cv_header_stdint_h=yes
ac_cv_header_stdlib_h=yes
ac_cv_header_string_h=yes
ac_cv_header_strings_h=yes
ac_cv_header_sys_stat_h=yes
ac_cv_header_sys_types_h=yes
ac_cv_header_unistd_h=yes
ac_cv_host=x86_64-unknown-linux-gnu
ac_cv_member_siginfo_t_si_int=yes
ac_cv_objext=o
ac_cv_path_EGREP='/gsc/bin/grep -E'
ac_cv_path_FGREP='/gsc/bin/grep -F'
ac_cv_path_GREP=/gsc/bin/grep
ac_cv_path_SED=/bin/sed
ac_cv_path_install='/usr/bin/install -c'
ac_cv_path_mkdir=/bin/mkdir
ac_cv_prog_AWK=gawk
ac_cv_prog_CPP='gcc -E'
ac_cv_prog_CXXCPP='g++ -E'
ac_cv_prog_MD5=md5sum
ac_cv_prog_ac_ct_AR=ar
ac_cv_prog_ac_ct_CC=gcc
ac_cv_prog_ac_ct_CXX=g++
ac_cv_prog_ac_ct_OBJDUMP=objdump
ac_cv_prog_ac_ct_RANLIB=ranlib
ac_cv_prog_ac_ct_STRIP=strip
ac_cv_prog_cc_c89=
ac_cv_prog_cc_g=yes
ac_cv_prog_cxx_g=yes
ac_cv_prog_make_make_set=yes
am_cv_CC_dependencies_compiler_type=gcc3
am_cv_CXX_dependencies_compiler_type=gcc3
lt_cv_deplibs_check_method=pass_all
lt_cv_file_magic_cmd='$MAGIC_CMD'
lt_cv_file_magic_test_file=
lt_cv_ld_reload_flag=-r
lt_cv_nm_interface='BSD nm'
lt_cv_objdir=.libs
lt_cv_path_LD=/usr/bin/ld
lt_cv_path_LDCXX='/usr/bin/ld -m elf_x86_64'
lt_cv_path_NM='/usr/bin/nm -B'
lt_cv_prog_compiler_c_o=yes
lt_cv_prog_compiler_c_o_CXX=yes
lt_cv_prog_compiler_pic_works=yes
lt_cv_prog_compiler_pic_works_CXX=yes
lt_cv_prog_compiler_rtti_exceptions=no
lt_cv_prog_compiler_static_works=yes
lt_cv_prog_compiler_static_works_CXX=yes
lt_cv_prog_gnu_ld=yes
lt_cv_prog_gnu_ldcxx=yes
lt_cv_sys_global_symbol_pipe='sed -n -e '\''s/^.*[	 ]\([ABCDGIRSTW][ABCDGIRSTW]*\)[	 ][	 ]*\([_A-Za-z][_A-Za-z0-9]*\)$/\1 \2 \2/p'\'''
lt_cv_sys_global_symbol_to_c_name_address='sed -n -e '\''s/^: \([^ ]*\) $/  {\"\1\", (void *) 0},/p'\'' -e '\''s/^[ABCDGIRSTW]* \([^ ]*\) \([^ ]*\)$/  {"\2", (void *) \&\2},/p'\'''
lt_cv_sys_global_symbol_to_c_name_address_lib_prefix='sed -n -e '\''s/^: \([^ ]*\) $/  {\"\1\", (void *) 0},/p'\'' -e '\''s/^[ABCDGIRSTW]* \([^ ]*\) \(lib[^ ]*\)$/  {"\2", (void *) \&\2},/p'\'' -e '\''s/^[ABCDGIRSTW]* \([^ ]*\) \([^ ]*\)$/  {"lib\2", (void *) \&\2},/p'\'''
lt_cv_sys_global_symbol_to_cdecl='sed -n -e '\''s/^T .* \(.*\)$/extern int \1();/p'\'' -e '\''s/^[ABCDGIRSTW]* .* \(.*\)$/extern char \1;/p'\'''
lt_cv_sys_max_cmd_len=3458764513820540925

## ----------------- ##
## Output variables. ##
## ----------------- ##

ACLOCAL='${SHELL} /gscmnt/sata201/assembly/kkyung/trinity/trinityrnaseq_r2012-05-18/trinity-plugins/jellyfish/missing --run aclocal-1.11'
AMDEPBACKSLASH='\'
AMDEP_FALSE='#'
AMDEP_TRUE=''
AMTAR='${SHELL} /gscmnt/sata201/assembly/kkyung/trinity/trinityrnaseq_r2012-05-18/trinity-plugins/jellyfish/missing --run tar'
AM_BACKSLASH='\'
AM_DEFAULT_VERBOSITY='0'
AR='ar'
AUTOCONF='${SHELL} /gscmnt/sata201/assembly/kkyung/trinity/trinityrnaseq_r2012-05-18/trinity-plugins/jellyfish/missing --run autoconf'
AUTOHEADER='${SHELL} /gscmnt/sata201/assembly/kkyung/trinity/trinityrnaseq_r2012-05-18/trinity-plugins/jellyfish/missing --run autoheader'
AUTOMAKE='${SHELL} /gscmnt/sata201/assembly/kkyung/trinity/trinityrnaseq_r2012-05-18/trinity-plugins/jellyfish/missing --run automake-1.11'
AWK='gawk'
CC='gcc'
CCDEPMODE='depmode=gcc3'
CFLAGS='-g -O2'
CPP='gcc -E'
CPPFLAGS=''
CXX='g++'
CXXCPP='g++ -E'
CXXDEPMODE='depmode=gcc3'
CXXFLAGS=''
CYGPATH_W='echo'
DEFS='-DHAVE_CONFIG_H'
DEPDIR='.deps'
DSYMUTIL=''
DUMPBIN=''
ECHO_C=''
ECHO_N='-n'
ECHO_T=''
EGREP='/gsc/bin/grep -E'
EXEEXT=''
FGREP='/gsc/bin/grep -F'
GREP='/gsc/bin/grep'
INSTALL_DATA='${INSTALL} -m 644'
INSTALL_PROGRAM='${INSTALL}'
INSTALL_SCRIPT='${INSTALL}'
INSTALL_STRIP_PROGRAM='$(install_sh) -c -s'
LD='/usr/bin/ld -m elf_x86_64'
LDFLAGS=''
LIBOBJS=''
LIBS=''
LIBTOOL='$(SHELL) $(top_builddir)/libtool'
LIPO=''
LN_S='ln -s'
LTLIBOBJS=''
MAKEINFO='${SHELL} /gscmnt/sata201/assembly/kkyung/trinity/trinityrnaseq_r2012-05-18/trinity-plugins/jellyfish/missing --run makeinfo'
MD5='md5sum'
MKDIR_P='/bin/mkdir -p'
NM='/usr/bin/nm -B'
NMEDIT=''
OBJDUMP='objdump'
OBJEXT='o'
OTOOL64=''
OTOOL=''
PACKAGE='jellyfish'
PACKAGE_BUGREPORT='gmarcais@umd.edu'
PACKAGE_NAME='jellyfish'
PACKAGE_STRING='jellyfish 1.1.4'
PACKAGE_TARNAME='jellyfish'
PACKAGE_VERSION='1.1.4'
PATH_SEPARATOR=':'
RANLIB='ranlib'
SED='/bin/sed'
SET_MAKE=''
SHELL='/bin/bash'
STRIP='strip'
VERSION='1.1.4'
ac_ct_CC='gcc'
ac_ct_CXX='g++'
ac_ct_DUMPBIN=''
am__EXEEXT_FALSE=''
am__EXEEXT_TRUE='#'
am__fastdepCC_FALSE='#'
am__fastdepCC_TRUE=''
am__fastdepCXX_FALSE='#'
am__fastdepCXX_TRUE=''
am__include='include'
am__isrc=''
am__leading_dot='.'
am__quote=''
am__tar='${AMTAR} chof - "$$tardir"'
am__untar='${AMTAR} xf -'
bindir='${exec_prefix}/bin'
build='x86_64-unknown-linux-gnu'
build_alias=''
build_cpu='x86_64'
build_os='linux-gnu'
build_vendor='unknown'
datadir='${datarootdir}'
datarootdir='${prefix}/share'
docdir='${datarootdir}/doc/${PACKAGE_TARNAME}'
dvidir='${docdir}'
exec_prefix='${prefix}'
host='x86_64-unknown-linux-gnu'
host_alias=''
host_cpu='x86_64'
host_os='linux-gnu'
host_vendor='unknown'
htmldir='${docdir}'
includedir='${prefix}/include'
infodir='${datarootdir}/info'
install_sh='${SHELL} /gscmnt/sata201/assembly/kkyung/trinity/trinityrnaseq_r2012-05-18/trinity-plugins/jellyfish/install-sh'
libdir='${exec_prefix}/lib'
libexecdir='${exec_prefix}/libexec'
localedir='${datarootdir}/locale'
localstatedir='${prefix}/var'
lt_ECHO='echo'
mandir='${datarootdir}/man'
mkdir_p='/bin/mkdir -p'
oldincludedir='/usr/include'
pdfdir='${docdir}'
prefix='/gscmnt/sata201/assembly/kkyung/trinity/trinityrnaseq_r2012-05-18/trinity-plugins/jellyfish'
program_transform_name='s,x,x,'
psdir='${docdir}'
sbindir='${exec_prefix}/sbin'
sharedstatedir='${prefix}/com'
sysconfdir='${prefix}/etc'
target_alias=''

## ----------- ##
## confdefs.h. ##
## ----------- ##

#define PACKAGE_NAME "jellyfish"
#define PACKAGE_TARNAME "jellyfish"
#define PACKAGE_VERSION "1.1.4"
#define PACKAGE_STRING "jellyfish 1.1.4"
#define PACKAGE_BUGREPORT "gmarcais@umd.edu"
#define PACKAGE "jellyfish"
#define VERSION "1.1.4"
#define STDC_HEADERS 1
#define HAVE_SYS_TYPES_H 1
#define HAVE_SYS_STAT_H 1
#define HAVE_STDLIB_H 1
#define HAVE_STRING_H 1
#define HAVE_MEMORY_H 1
#define HAVE_STRINGS_H 1
#define HAVE_INTTYPES_H 1
#define HAVE_STDINT_H 1
#define HAVE_UNISTD_H 1
#define HAVE_DECL_STRERROR_R 1
#define HAVE_STRERROR_R 1
#define HAVE_EXECINFO_H 1
#define HAVE_SI_INT 1
#define HAVE_DLFCN_H 1
#define LT_OBJDIR ".libs/"

configure: exit 0
